  algebra3.cpp
  arcball.cpp
  glui_add_controls.cpp
  glui_bitmap_img_data.cpp
  glui_bitmaps.cpp
  glui_button.cpp
  glui_checkbox.cpp
  glui_column.cpp
  glui_commandline.cpp
  glui_control.cpp
C:\Users\james\Desktop\LiquidHazard\LiquidHazard-1.0.0\LiquidHazard\glui\glui_control.cpp(212,23): warning C4244: “参数”: 从“double”转换到“GLfloat”，可能丢失数据
C:\Users\james\Desktop\LiquidHazard\LiquidHazard-1.0.0\LiquidHazard\glui\glui_control.cpp(211,37): warning C4244: “参数”: 从“double”转换到“GLfloat”，可能丢失数据
  glui_edittext.cpp
C:\Users\james\Desktop\LiquidHazard\LiquidHazard-1.0.0\LiquidHazard\glui\glui_edittext.cpp(495,25): warning C4244: “=”: 从“double”转换到“float”，可能丢失数据
  glui_filebrowser.cpp
  glui_list.cpp
C:\Users\james\Desktop\LiquidHazard\LiquidHazard-1.0.0\LiquidHazard\glui\glui_list.cpp(93,21): warning C4244: “=”: 从“time_t”转换到“unsigned long”，可能丢失数据
C:\Users\james\Desktop\LiquidHazard\LiquidHazard-1.0.0\LiquidHazard\glui\glui_list.cpp(226,27): warning C4305: “参数”: 从“double”到“GLfloat”截断
C:\Users\james\Desktop\LiquidHazard\LiquidHazard-1.0.0\LiquidHazard\glui\glui_list.cpp(260,58): warning C4244: “参数”: 从“int”转换到“GLfloat”，可能丢失数据
C:\Users\james\Desktop\LiquidHazard\LiquidHazard-1.0.0\LiquidHazard\glui\glui_list.cpp(260,34): warning C4244: “参数”: 从“int”转换到“GLfloat”，可能丢失数据
  glui_listbox.cpp
C:\Users\james\Desktop\LiquidHazard\LiquidHazard-1.0.0\LiquidHazard\glui\glui_listbox.cpp(111,56): warning C4305: “参数”: 从“double”到“float”截断
  glui_mouse_iaction.cpp
C:\Users\james\Desktop\LiquidHazard\LiquidHazard-1.0.0\LiquidHazard\glui\glui_mouse_iaction.cpp(159,49): warning C4244: “参数”: 从“double”转换到“GLfloat”，可能丢失数据
C:\Users\james\Desktop\LiquidHazard\LiquidHazard-1.0.0\LiquidHazard\glui\glui_mouse_iaction.cpp(159,30): warning C4244: “参数”: 从“double”转换到“GLfloat”，可能丢失数据
C:\Users\james\Desktop\LiquidHazard\LiquidHazard-1.0.0\LiquidHazard\glui\glui_mouse_iaction.cpp(162,51): warning C4244: “参数”: 从“double”转换到“GLfloat”，可能丢失数据
C:\Users\james\Desktop\LiquidHazard\LiquidHazard-1.0.0\LiquidHazard\glui\glui_mouse_iaction.cpp(162,31): warning C4244: “参数”: 从“double”转换到“GLfloat”，可能丢失数据
C:\Users\james\Desktop\LiquidHazard\LiquidHazard-1.0.0\LiquidHazard\glui\glui_mouse_iaction.cpp(164,63): warning C4244: “参数”: 从“double”转换到“GLfloat”，可能丢失数据
C:\Users\james\Desktop\LiquidHazard\LiquidHazard-1.0.0\LiquidHazard\glui\glui_mouse_iaction.cpp(164,37): warning C4244: “参数”: 从“double”转换到“GLfloat”，可能丢失数据
C:\Users\james\Desktop\LiquidHazard\LiquidHazard-1.0.0\LiquidHazard\glui\glui_mouse_iaction.cpp(166,62): warning C4244: “参数”: 从“double”转换到“GLfloat”，可能丢失数据
C:\Users\james\Desktop\LiquidHazard\LiquidHazard-1.0.0\LiquidHazard\glui\glui_mouse_iaction.cpp(166,31): warning C4244: “参数”: 从“double”转换到“GLfloat”，可能丢失数据
C:\Users\james\Desktop\LiquidHazard\LiquidHazard-1.0.0\LiquidHazard\glui\glui_mouse_iaction.cpp(195,27): warning C4244: “参数”: 从“double”转换到“GLfloat”，可能丢失数据
C:\Users\james\Desktop\LiquidHazard\LiquidHazard-1.0.0\LiquidHazard\glui\glui_mouse_iaction.cpp(196,15): warning C4244: “参数”: 从“double”转换到“GLfloat”，可能丢失数据
C:\Users\james\Desktop\LiquidHazard\LiquidHazard-1.0.0\LiquidHazard\glui\glui_mouse_iaction.cpp(196,12): warning C4244: “参数”: 从“double”转换到“GLfloat”，可能丢失数据
  glui_node.cpp
  glui_panel.cpp
  glui_radio.cpp
C:\Users\james\Desktop\LiquidHazard\LiquidHazard-1.0.0\LiquidHazard\glui\glui_radio.cpp(93,33): warning C4244: “参数”: 从“int”转换到“GLfloat”，可能丢失数据
C:\Users\james\Desktop\LiquidHazard\LiquidHazard-1.0.0\LiquidHazard\glui\glui_radio.cpp(92,33): warning C4244: “参数”: 从“int”转换到“GLfloat”，可能丢失数据
  glui_rollout.cpp
  glui_rotation.cpp
  正在生成代码...
  正在编译...
  glui_scrollbar.cpp
C:\Users\james\Desktop\LiquidHazard\LiquidHazard-1.0.0\LiquidHazard\glui\glui_scrollbar.cpp(357,20): warning C4244: “参数”: 从“int”转换到“GLfloat”，可能丢失数据
C:\Users\james\Desktop\LiquidHazard\LiquidHazard-1.0.0\LiquidHazard\glui\glui_scrollbar.cpp(357,18): warning C4244: “参数”: 从“int”转换到“GLfloat”，可能丢失数据
C:\Users\james\Desktop\LiquidHazard\LiquidHazard-1.0.0\LiquidHazard\glui\glui_scrollbar.cpp(362,21): warning C4244: “参数”: 从“int”转换到“GLfloat”，可能丢失数据
C:\Users\james\Desktop\LiquidHazard\LiquidHazard-1.0.0\LiquidHazard\glui\glui_scrollbar.cpp(362,18): warning C4244: “参数”: 从“int”转换到“GLfloat”，可能丢失数据
C:\Users\james\Desktop\LiquidHazard\LiquidHazard-1.0.0\LiquidHazard\glui\glui_scrollbar.cpp(386,12): warning C4244: “初始化”: 从“int”转换到“float”，可能丢失数据
C:\Users\james\Desktop\LiquidHazard\LiquidHazard-1.0.0\LiquidHazard\glui\glui_scrollbar.cpp(387,12): warning C4244: “初始化”: 从“int”转换到“float”，可能丢失数据
C:\Users\james\Desktop\LiquidHazard\LiquidHazard-1.0.0\LiquidHazard\glui\glui_scrollbar.cpp(388,12): warning C4244: “初始化”: 从“int”转换到“float”，可能丢失数据
C:\Users\james\Desktop\LiquidHazard\LiquidHazard-1.0.0\LiquidHazard\glui\glui_scrollbar.cpp(389,12): warning C4244: “初始化”: 从“int”转换到“float”，可能丢失数据
C:\Users\james\Desktop\LiquidHazard\LiquidHazard-1.0.0\LiquidHazard\glui\glui_scrollbar.cpp(603,30): warning C4244: “=”: 从“double”转换到“float”，可能丢失数据
C:\Users\james\Desktop\LiquidHazard\LiquidHazard-1.0.0\LiquidHazard\glui\glui_scrollbar.cpp(762,23): warning C4244: “=”: 从“int”转换到“float”，可能丢失数据
C:\Users\james\Desktop\LiquidHazard\LiquidHazard-1.0.0\LiquidHazard\glui\glui_scrollbar.cpp(801,15): warning C4244: “=”: 从“int”转换到“float”，可能丢失数据
C:\Users\james\Desktop\LiquidHazard\LiquidHazard-1.0.0\LiquidHazard\glui\glui_scrollbar.cpp(802,15): warning C4244: “=”: 从“int”转换到“float”，可能丢失数据
  glui_separator.cpp
  glui_spinner.cpp
C:\Users\james\Desktop\LiquidHazard\LiquidHazard-1.0.0\LiquidHazard\glui\glui_spinner.cpp(153,52): warning C4244: “参数”: 从“double”转换到“float”，可能丢失数据
C:\Users\james\Desktop\LiquidHazard\LiquidHazard-1.0.0\LiquidHazard\glui\glui_spinner.cpp(155,52): warning C4244: “参数”: 从“double”转换到“float”，可能丢失数据
  glui_statictext.cpp
  glui_string.cpp
  glui_textbox.cpp
C:\Users\james\Desktop\LiquidHazard\LiquidHazard-1.0.0\LiquidHazard\glui\glui_textbox.cpp(420,27): warning C4305: “参数”: 从“double”到“GLfloat”截断
C:\Users\james\Desktop\LiquidHazard\LiquidHazard-1.0.0\LiquidHazard\glui\glui_textbox.cpp(476,58): warning C4244: “参数”: 从“int”转换到“GLfloat”，可能丢失数据
C:\Users\james\Desktop\LiquidHazard\LiquidHazard-1.0.0\LiquidHazard\glui\glui_textbox.cpp(476,34): warning C4244: “参数”: 从“int”转换到“GLfloat”，可能丢失数据
  glui_translation.cpp
C:\Users\james\Desktop\LiquidHazard\LiquidHazard-1.0.0\LiquidHazard\glui\glui_translation.cpp(198,25): warning C4244: “=”: 从“double”转换到“float”，可能丢失数据
C:\Users\james\Desktop\LiquidHazard\LiquidHazard-1.0.0\LiquidHazard\glui\glui_translation.cpp(343,16): warning C4305: “初始化”: 从“double”到“float”截断
C:\Users\james\Desktop\LiquidHazard\LiquidHazard-1.0.0\LiquidHazard\glui\glui_translation.cpp(343,25): warning C4305: “初始化”: 从“double”到“float”截断
C:\Users\james\Desktop\LiquidHazard\LiquidHazard-1.0.0\LiquidHazard\glui\glui_translation.cpp(343,35): warning C4305: “初始化”: 从“double”到“float”截断
C:\Users\james\Desktop\LiquidHazard\LiquidHazard-1.0.0\LiquidHazard\glui\glui_translation.cpp(343,45): warning C4305: “初始化”: 从“double”到“float”截断
C:\Users\james\Desktop\LiquidHazard\LiquidHazard-1.0.0\LiquidHazard\glui\glui_translation.cpp(350,65): warning C4305: “参数”: 从“double”到“float”截断
C:\Users\james\Desktop\LiquidHazard\LiquidHazard-1.0.0\LiquidHazard\glui\glui_translation.cpp(351,18): warning C4305: “参数”: 从“double”到“float”截断
C:\Users\james\Desktop\LiquidHazard\LiquidHazard-1.0.0\LiquidHazard\glui\glui_translation.cpp(370,22): warning C4244: “=”: 从“double”转换到“float”，可能丢失数据
C:\Users\james\Desktop\LiquidHazard\LiquidHazard-1.0.0\LiquidHazard\glui\glui_translation.cpp(372,22): warning C4244: “=”: 从“double”转换到“float”，可能丢失数据
C:\Users\james\Desktop\LiquidHazard\LiquidHazard-1.0.0\LiquidHazard\glui\glui_translation.cpp(429,49): warning C4244: “参数”: 从“double”转换到“GLfloat”，可能丢失数据
C:\Users\james\Desktop\LiquidHazard\LiquidHazard-1.0.0\LiquidHazard\glui\glui_translation.cpp(429,36): warning C4244: “参数”: 从“double”转换到“GLfloat”，可能丢失数据
C:\Users\james\Desktop\LiquidHazard\LiquidHazard-1.0.0\LiquidHazard\glui\glui_translation.cpp(429,23): warning C4244: “参数”: 从“double”转换到“GLfloat”，可能丢失数据
C:\Users\james\Desktop\LiquidHazard\LiquidHazard-1.0.0\LiquidHazard\glui\glui_translation.cpp(432,27): warning C4305: “参数”: 从“double”到“GLfloat”截断
C:\Users\james\Desktop\LiquidHazard\LiquidHazard-1.0.0\LiquidHazard\glui\glui_translation.cpp(461,25): warning C4244: “参数”: 从“double”转换到“GLfloat”，可能丢失数据
C:\Users\james\Desktop\LiquidHazard\LiquidHazard-1.0.0\LiquidHazard\glui\glui_translation.cpp(462,24): warning C4244: “参数”: 从“double”转换到“GLfloat”，可能丢失数据
C:\Users\james\Desktop\LiquidHazard\LiquidHazard-1.0.0\LiquidHazard\glui\glui_translation.cpp(463,24): warning C4244: “参数”: 从“double”转换到“GLfloat”，可能丢失数据
C:\Users\james\Desktop\LiquidHazard\LiquidHazard-1.0.0\LiquidHazard\glui\glui_translation.cpp(464,24): warning C4244: “参数”: 从“double”转换到“GLfloat”，可能丢失数据
C:\Users\james\Desktop\LiquidHazard\LiquidHazard-1.0.0\LiquidHazard\glui\glui_translation.cpp(465,24): warning C4244: “参数”: 从“double”转换到“GLfloat”，可能丢失数据
C:\Users\james\Desktop\LiquidHazard\LiquidHazard-1.0.0\LiquidHazard\glui\glui_translation.cpp(466,24): warning C4244: “参数”: 从“double”转换到“GLfloat”，可能丢失数据
  glui_tree.cpp
  glui_treepanel.cpp
C:\Users\james\Desktop\LiquidHazard\LiquidHazard-1.0.0\LiquidHazard\glui\glui_treepanel.cpp(192,39): warning C4305: “参数”: 从“double”到“float”截断
C:\Users\james\Desktop\LiquidHazard\LiquidHazard-1.0.0\LiquidHazard\glui\glui_treepanel.cpp(193,39): warning C4305: “参数”: 从“double”到“float”截断
C:\Users\james\Desktop\LiquidHazard\LiquidHazard-1.0.0\LiquidHazard\glui\glui_treepanel.cpp(194,39): warning C4305: “参数”: 从“double”到“float”截断
C:\Users\james\Desktop\LiquidHazard\LiquidHazard-1.0.0\LiquidHazard\glui\glui_treepanel.cpp(195,39): warning C4305: “参数”: 从“double”到“float”截断
C:\Users\james\Desktop\LiquidHazard\LiquidHazard-1.0.0\LiquidHazard\glui\glui_treepanel.cpp(196,39): warning C4305: “参数”: 从“double”到“float”截断
C:\Users\james\Desktop\LiquidHazard\LiquidHazard-1.0.0\LiquidHazard\glui\glui_treepanel.cpp(197,39): warning C4305: “参数”: 从“double”到“float”截断
C:\Users\james\Desktop\LiquidHazard\LiquidHazard-1.0.0\LiquidHazard\glui\glui_treepanel.cpp(198,38): warning C4305: “参数”: 从“double”到“float”截断
  glui_window.cpp
  glui.cpp
C:\Users\james\Desktop\LiquidHazard\LiquidHazard-1.0.0\LiquidHazard\glui\glui.cpp(587,24): warning C4244: “参数”: 从“double”转换到“GLclampf”，可能丢失数据
C:\Users\james\Desktop\LiquidHazard\LiquidHazard-1.0.0\LiquidHazard\glui\glui.cpp(586,24): warning C4244: “参数”: 从“double”转换到“GLclampf”，可能丢失数据
C:\Users\james\Desktop\LiquidHazard\LiquidHazard-1.0.0\LiquidHazard\glui\glui.cpp(585,38): warning C4244: “参数”: 从“double”转换到“GLclampf”，可能丢失数据
C:\Users\james\Desktop\LiquidHazard\LiquidHazard-1.0.0\LiquidHazard\glui\glui.cpp(598,49): warning C4244: “参数”: 从“double”转换到“GLfloat”，可能丢失数据
C:\Users\james\Desktop\LiquidHazard\LiquidHazard-1.0.0\LiquidHazard\glui\glui.cpp(598,30): warning C4244: “参数”: 从“double”转换到“GLfloat”，可能丢失数据
C:\Users\james\Desktop\LiquidHazard\LiquidHazard-1.0.0\LiquidHazard\glui\glui.cpp(601,51): warning C4244: “参数”: 从“double”转换到“GLfloat”，可能丢失数据
C:\Users\james\Desktop\LiquidHazard\LiquidHazard-1.0.0\LiquidHazard\glui\glui.cpp(601,31): warning C4244: “参数”: 从“double”转换到“GLfloat”，可能丢失数据
C:\Users\james\Desktop\LiquidHazard\LiquidHazard-1.0.0\LiquidHazard\glui\glui.cpp(1134,23): warning C4244: “=”: 从“double”转换到“float”，可能丢失数据
C:\Users\james\Desktop\LiquidHazard\LiquidHazard-1.0.0\LiquidHazard\glui\glui.cpp(1135,23): warning C4244: “=”: 从“double”转换到“float”，可能丢失数据
C:\Users\james\Desktop\LiquidHazard\LiquidHazard-1.0.0\LiquidHazard\glui\glui.cpp(1136,23): warning C4244: “=”: 从“double”转换到“float”，可能丢失数据
C:\Users\james\Desktop\LiquidHazard\LiquidHazard-1.0.0\LiquidHazard\glui\glui.cpp(1919,49): warning C4244: “参数”: 从“double”转换到“GLfloat”，可能丢失数据
C:\Users\james\Desktop\LiquidHazard\LiquidHazard-1.0.0\LiquidHazard\glui\glui.cpp(1919,30): warning C4244: “参数”: 从“double”转换到“GLfloat”，可能丢失数据
C:\Users\james\Desktop\LiquidHazard\LiquidHazard-1.0.0\LiquidHazard\glui\glui.cpp(1922,51): warning C4244: “参数”: 从“double”转换到“GLfloat”，可能丢失数据
C:\Users\james\Desktop\LiquidHazard\LiquidHazard-1.0.0\LiquidHazard\glui\glui.cpp(1922,31): warning C4244: “参数”: 从“double”转换到“GLfloat”，可能丢失数据
  quaternion.cpp
  正在生成代码...
  glui.vcxproj -> C:\Users\james\Desktop\LiquidHazard\LiquidHazard-1.0.0\LiquidHazard\glui\Debug\glui.lib
