  b2DistanceJoint.cpp
  b2FrictionJoint.cpp
  b2GearJoint.cpp
  b2Joint.cpp
  b2MotorJoint.cpp
  b2MouseJoint.cpp
  b2PrismaticJoint.cpp
  b2PulleyJoint.cpp
  b2RevoluteJoint.cpp
  b2RopeJoint.cpp
  b2WeldJoint.cpp
  b2WheelJoint.cpp
  b2CircleContact.cpp
  b2Contact.cpp
  b2ContactSolver.cpp
  b2PolygonAndCircleContact.cpp
  b2EdgeAndCircleContact.cpp
  b2EdgeAndPolygonContact.cpp
  b2ChainAndCircleContact.cpp
  b2ChainAndPolygonContact.cpp
  正在生成代码...
  正在编译...
  b2PolygonContact.cpp
  b2Body.cpp
  b2ContactManager.cpp
  b2Fixture.cpp
  b2Island.cpp
  b2World.cpp
  b2WorldCallbacks.cpp
  b2BlockAllocator.cpp
  b2Draw.cpp
  b2FreeList.cpp
  b2Math.cpp
  b2Settings.cpp
  b2StackAllocator.cpp
  b2Stat.cpp
  b2Timer.cpp
  b2TrackedBlock.cpp
  b2CircleShape.cpp
  b2EdgeShape.cpp
  b2ChainShape.cpp
  b2PolygonShape.cpp
  正在生成代码...
  正在编译...
  b2BroadPhase.cpp
  b2CollideCircle.cpp
  b2CollideEdge.cpp
  b2CollidePolygon.cpp
  b2Collision.cpp
  b2Distance.cpp
  b2DynamicTree.cpp
  b2TimeOfImpact.cpp
  b2Particle.cpp
  b2ParticleGroup.cpp
  b2ParticleSystem.cpp
C:\Users\james\Desktop\LiquidHazard\LiquidHazard-1.0.0\LiquidHazard\Box2D\Particle\b2ParticleSystem.cpp(2734,16): warning C4834: 放弃具有 "nodiscard" 属性的函数的返回值
  b2VoronoiDiagram.cpp
  b2Rope.cpp
  正在生成代码...
  Box2D.vcxproj -> C:\Users\james\Desktop\LiquidHazard\LiquidHazard-1.0.0\LiquidHazard\Box2D\Debug\liquidfun.lib
